2021-05-15 16:51:18,154 [1] INFO TourPlannerDL.DBConn - DB Connection success
2021-05-15 16:51:18,186 [1] INFO TourPlanner.ViewModels.FolderViewModel - Test
2021-05-15 16:51:18,191 [1] INFO TourPlannerDL.DBOutput - RouteList filled from DB
2021-05-15 16:51:26,434 [1] INFO TourPlannerDL.DBInput - Route deleted from DB
2021-05-15 16:51:39,567 [1] INFO TourPlannerDL.DBInput - Route inserted to DB
2021-05-15 16:51:39,569 [1] INFO TourPlannerDL.DBOutput - RouteList filled from DB
2021-05-15 16:51:42,351 [1] INFO TourPlannerDL.DBOutput - Get RouteID from DB
2021-05-15 16:51:42,363 [1] INFO TourPlannerDL.DBOutput - Get Description from DB
2021-05-15 16:51:42,366 [1] INFO TourPlannerDL.DBOutput - Get RouteID from DB
2021-05-15 16:51:42,372 [1] INFO TourPlannerDL.DBOutput - LogList filled from DB
2021-05-15 16:52:01,877 [1] INFO TourPlannerDL.DBOutput - Get RouteID from DB
2021-05-15 16:52:01,877 [1] INFO TourPlannerDL.DBOutput - Get Description from DB
2021-05-15 16:52:01,878 [1] INFO TourPlannerDL.DBOutput - Get RouteID from DB
2021-05-15 16:52:01,878 [1] INFO TourPlannerDL.DBOutput - LogList filled from DB
2021-05-15 17:00:24,976 [1] INFO TourPlannerDL.DBConn - DB Connection success
2021-05-15 17:00:24,996 [1] INFO TourPlannerDL.DBOutput - RouteList filled from DB
2021-05-15 17:00:24,997 [1] INFO TourPlanner.ViewModels.FolderViewModel - Fill ListView With Tours
2021-05-15 17:00:28,840 [1] INFO TourPlannerDL.DBOutput - Get RouteID from DB
2021-05-15 17:00:28,843 [1] INFO TourPlannerDL.DBOutput - Get Description from DB
2021-05-15 17:00:28,843 [1] INFO TourPlanner.ViewModels.FolderViewModel - Fill ListView With Description
2021-05-15 17:00:28,844 [1] INFO TourPlannerDL.DBOutput - Get RouteID from DB
2021-05-15 17:00:28,847 [1] INFO TourPlannerDL.DBOutput - LogList filled from DB
2021-05-15 17:00:28,847 [1] INFO TourPlanner.ViewModels.FolderViewModel - Fill ListView With Logs
2021-05-15 17:00:30,677 [1] INFO TourPlannerDL.DBOutput - Get RouteID from DB
2021-05-15 17:00:30,677 [1] INFO TourPlannerDL.DBOutput - Get Description from DB
2021-05-15 17:00:30,677 [1] INFO TourPlanner.ViewModels.FolderViewModel - Fill ListView With Description
2021-05-15 17:00:30,678 [1] INFO TourPlannerDL.DBOutput - Get RouteID from DB
2021-05-15 17:00:30,678 [1] INFO TourPlannerDL.DBOutput - LogList filled from DB
2021-05-15 17:00:30,678 [1] INFO TourPlanner.ViewModels.FolderViewModel - Fill ListView With Logs
2021-05-15 17:00:34,684 [1] INFO TourPlannerDL.DBOutput - Get RouteID from DB
2021-05-15 17:00:34,687 [1] INFO TourPlannerDL.DBOutput - Get Description from DB
2021-05-15 17:00:34,689 [1] INFO TourPlanner.ViewModels.FolderViewModel - Fill ListView With Description
2021-05-15 17:00:34,690 [1] INFO TourPlannerDL.DBOutput - Get RouteID from DB
2021-05-15 17:00:34,695 [1] INFO TourPlannerDL.DBOutput - LogList filled from DB
2021-05-15 17:00:34,695 [1] INFO TourPlanner.ViewModels.FolderViewModel - Fill ListView With Logs
2021-05-15 17:00:35,372 [1] INFO TourPlannerDL.DBOutput - Get RouteID from DB
2021-05-15 17:00:35,372 [1] INFO TourPlannerDL.DBOutput - Get Description from DB
2021-05-15 17:00:35,372 [1] INFO TourPlanner.ViewModels.FolderViewModel - Fill ListView With Description
2021-05-15 17:00:35,372 [1] INFO TourPlannerDL.DBOutput - Get RouteID from DB
2021-05-15 17:00:35,373 [1] INFO TourPlannerDL.DBOutput - LogList filled from DB
2021-05-15 17:00:35,373 [1] INFO TourPlanner.ViewModels.FolderViewModel - Fill ListView With Logs
2021-05-15 17:00:37,826 [1] INFO TourPlannerDL.DBOutput - Get RouteID from DB
2021-05-15 17:00:37,828 [1] INFO TourPlannerDL.DBOutput - Get Description from DB
2021-05-15 17:00:37,829 [1] INFO TourPlanner.ViewModels.FolderViewModel - Fill ListView With Description
2021-05-15 17:00:37,830 [1] INFO TourPlannerDL.DBOutput - Get RouteID from DB
2021-05-15 17:00:37,831 [1] INFO TourPlannerDL.DBOutput - LogList filled from DB
2021-05-15 17:00:37,832 [1] INFO TourPlanner.ViewModels.FolderViewModel - Fill ListView With Logs
2021-05-15 17:00:38,979 [1] INFO TourPlannerDL.DBOutput - Get RouteID from DB
2021-05-15 17:00:38,979 [1] INFO TourPlannerDL.DBOutput - Get Description from DB
2021-05-15 17:00:38,979 [1] INFO TourPlanner.ViewModels.FolderViewModel - Fill ListView With Description
2021-05-15 17:00:38,979 [1] INFO TourPlannerDL.DBOutput - Get RouteID from DB
2021-05-15 17:00:38,980 [1] INFO TourPlannerDL.DBOutput - LogList filled from DB
2021-05-15 17:00:38,980 [1] INFO TourPlanner.ViewModels.FolderViewModel - Fill ListView With Logs
2021-05-15 17:04:02,774 [1] INFO TourPlannerDL.DBConn - DB Connection success
2021-05-15 17:04:02,803 [1] INFO TourPlannerDL.DBOutput - RouteList filled from DB
2021-05-15 17:04:02,804 [1] INFO TourPlanner.ViewModels.FolderViewModel - Fill ListView With Tours
2021-05-15 17:04:06,452 [1] INFO TourPlannerDL.DBOutput - Get RouteID from DB
2021-05-15 17:04:06,457 [1] INFO TourPlannerDL.DBOutput - LogList filled from DB
2021-05-15 17:04:06,457 [1] INFO TourPlanner.ViewModels.FolderViewModel - Fill ListView With Logs
2021-05-15 17:04:06,459 [1] INFO TourPlannerDL.DBOutput - Get RouteID from DB
2021-05-15 17:04:06,461 [1] INFO TourPlannerDL.DBOutput - Get Description from DB
2021-05-15 17:04:06,461 [1] INFO TourPlanner.ViewModels.FolderViewModel - Fill ListView With Description
2021-05-15 17:04:10,040 [1] INFO TourPlannerDL.DBOutput - Get RouteID from DB
2021-05-15 17:04:10,040 [1] INFO TourPlannerDL.DBOutput - LogList filled from DB
2021-05-15 17:04:10,040 [1] INFO TourPlanner.ViewModels.FolderViewModel - Fill ListView With Logs
2021-05-15 17:04:10,041 [1] INFO TourPlannerDL.DBOutput - Get RouteID from DB
2021-05-15 17:04:10,042 [1] INFO TourPlannerDL.DBOutput - Get Description from DB
2021-05-15 17:04:10,042 [1] INFO TourPlanner.ViewModels.FolderViewModel - Fill ListView With Description
2021-05-15 17:04:11,080 [1] INFO TourPlannerDL.DBOutput - Get RouteID from DB
2021-05-15 17:04:11,081 [1] INFO TourPlannerDL.DBOutput - LogList filled from DB
2021-05-15 17:04:11,081 [1] INFO TourPlanner.ViewModels.FolderViewModel - Fill ListView With Logs
2021-05-15 17:04:11,082 [1] INFO TourPlannerDL.DBOutput - Get RouteID from DB
2021-05-15 17:04:11,083 [1] INFO TourPlannerDL.DBOutput - Get Description from DB
2021-05-15 17:04:11,083 [1] INFO TourPlanner.ViewModels.FolderViewModel - Fill ListView With Description
2021-05-15 17:04:18,478 [1] INFO TourPlannerDL.DBOutput - Get RouteID from DB
2021-05-15 17:04:18,478 [1] INFO TourPlannerDL.DBOutput - LogList filled from DB
2021-05-15 17:04:18,478 [1] INFO TourPlanner.ViewModels.FolderViewModel - Fill ListView With Logs
2021-05-15 17:04:18,479 [1] INFO TourPlannerDL.DBOutput - Get RouteID from DB
2021-05-15 17:04:18,480 [1] INFO TourPlannerDL.DBOutput - Get Description from DB
2021-05-15 17:04:18,480 [1] INFO TourPlanner.ViewModels.FolderViewModel - Fill ListView With Description
2021-05-15 17:04:24,931 [1] INFO TourPlannerDL.DBOutput - Get RouteID from DB
2021-05-15 17:04:24,935 [1] INFO TourPlannerDL.DBOutput - LogList filled from DB
2021-05-15 17:04:24,935 [1] INFO TourPlanner.ViewModels.FolderViewModel - Fill ListView With Logs
2021-05-15 17:04:24,939 [1] INFO TourPlannerDL.DBOutput - Get RouteID from DB
2021-05-15 17:04:24,939 [1] INFO TourPlannerDL.DBOutput - Get Description from DB
2021-05-15 17:04:24,939 [1] INFO TourPlanner.ViewModels.FolderViewModel - Fill ListView With Description
2021-05-15 17:04:26,344 [1] INFO TourPlannerDL.DBOutput - Get RouteID from DB
2021-05-15 17:04:26,344 [1] INFO TourPlannerDL.DBOutput - LogList filled from DB
2021-05-15 17:04:26,344 [1] INFO TourPlanner.ViewModels.FolderViewModel - Fill ListView With Logs
2021-05-15 17:04:26,347 [1] INFO TourPlannerDL.DBOutput - Get RouteID from DB
2021-05-15 17:04:26,347 [1] INFO TourPlannerDL.DBOutput - Get Description from DB
2021-05-15 17:04:26,347 [1] INFO TourPlanner.ViewModels.FolderViewModel - Fill ListView With Description
2021-05-15 17:04:28,627 [1] INFO TourPlannerDL.DBOutput - Get RouteID from DB
2021-05-15 17:04:28,628 [1] INFO TourPlannerDL.DBOutput - LogList filled from DB
2021-05-15 17:04:28,629 [1] INFO TourPlanner.ViewModels.FolderViewModel - Fill ListView With Logs
2021-05-15 17:04:28,633 [1] INFO TourPlannerDL.DBOutput - Get RouteID from DB
2021-05-15 17:04:28,634 [1] INFO TourPlannerDL.DBOutput - Get Description from DB
2021-05-15 17:04:28,635 [1] INFO TourPlanner.ViewModels.FolderViewModel - Fill ListView With Description
2021-05-15 17:04:30,230 [1] INFO TourPlannerDL.DBOutput - Get RouteID from DB
2021-05-15 17:04:30,230 [1] INFO TourPlannerDL.DBOutput - LogList filled from DB
2021-05-15 17:04:30,230 [1] INFO TourPlanner.ViewModels.FolderViewModel - Fill ListView With Logs
2021-05-15 17:04:30,233 [1] INFO TourPlannerDL.DBOutput - Get RouteID from DB
2021-05-15 17:04:30,233 [1] INFO TourPlannerDL.DBOutput - Get Description from DB
2021-05-15 17:04:30,233 [1] INFO TourPlanner.ViewModels.FolderViewModel - Fill ListView With Description
2021-05-15 17:04:46,714 [1] INFO TourPlannerDL.DBOutput - Get RouteID from DB
2021-05-15 17:04:46,714 [1] INFO TourPlannerDL.DBOutput - LogList filled from DB
2021-05-15 17:04:46,714 [1] INFO TourPlanner.ViewModels.FolderViewModel - Fill ListView With Logs
2021-05-15 17:04:46,716 [1] INFO TourPlannerDL.DBOutput - Get RouteID from DB
2021-05-15 17:04:46,717 [1] INFO TourPlannerDL.DBOutput - Get Description from DB
2021-05-15 17:04:46,717 [1] INFO TourPlanner.ViewModels.FolderViewModel - Fill ListView With Description
2021-05-15 17:04:47,682 [1] INFO TourPlannerDL.DBOutput - Get RouteID from DB
2021-05-15 17:04:47,682 [1] INFO TourPlannerDL.DBOutput - LogList filled from DB
2021-05-15 17:04:47,683 [1] INFO TourPlanner.ViewModels.FolderViewModel - Fill ListView With Logs
2021-05-15 17:04:47,684 [1] INFO TourPlannerDL.DBOutput - Get RouteID from DB
2021-05-15 17:04:47,684 [1] INFO TourPlannerDL.DBOutput - Get Description from DB
2021-05-15 17:04:47,684 [1] INFO TourPlanner.ViewModels.FolderViewModel - Fill ListView With Description
2021-05-15 17:05:29,641 [1] INFO TourPlannerDL.DBConn - DB Connection success
2021-05-15 17:05:29,668 [1] INFO TourPlannerDL.DBOutput - RouteList filled from DB
2021-05-15 17:05:29,669 [1] INFO TourPlanner.ViewModels.FolderViewModel - Fill ListView With Tours
2021-05-15 17:05:33,303 [1] INFO TourPlannerDL.DBOutput - Get RouteID from DB
2021-05-15 17:05:33,306 [1] INFO TourPlannerDL.DBOutput - LogList filled from DB
2021-05-15 17:05:33,306 [1] INFO TourPlanner.ViewModels.FolderViewModel - Fill ListView With Logs
2021-05-15 17:05:33,307 [1] INFO TourPlannerDL.DBOutput - Get RouteID from DB
2021-05-15 17:05:33,311 [1] INFO TourPlannerDL.DBOutput - Get Description from DB
2021-05-15 17:05:33,311 [1] INFO TourPlanner.ViewModels.FolderViewModel - Fill ListView With Description
2021-05-15 17:05:38,040 [1] INFO TourPlannerDL.DBOutput - Get RouteID from DB
2021-05-15 17:05:38,040 [1] INFO TourPlannerDL.DBOutput - LogList filled from DB
2021-05-15 17:05:38,040 [1] INFO TourPlanner.ViewModels.FolderViewModel - Fill ListView With Logs
2021-05-15 17:05:38,043 [1] INFO TourPlannerDL.DBOutput - Get RouteID from DB
2021-05-15 17:05:38,044 [1] INFO TourPlannerDL.DBOutput - Get Description from DB
2021-05-15 17:05:38,044 [1] INFO TourPlanner.ViewModels.FolderViewModel - Fill ListView With Description
2021-05-15 17:05:39,773 [1] INFO TourPlannerDL.DBOutput - Get RouteID from DB
2021-05-15 17:05:39,773 [1] INFO TourPlannerDL.DBOutput - LogList filled from DB
2021-05-15 17:05:39,773 [1] INFO TourPlanner.ViewModels.FolderViewModel - Fill ListView With Logs
2021-05-15 17:05:39,774 [1] INFO TourPlannerDL.DBOutput - Get RouteID from DB
2021-05-15 17:05:39,774 [1] INFO TourPlannerDL.DBOutput - Get Description from DB
2021-05-15 17:05:39,775 [1] INFO TourPlanner.ViewModels.FolderViewModel - Fill ListView With Description
2021-05-15 17:05:43,056 [1] INFO TourPlannerDL.DBOutput - Get RouteID from DB
2021-05-15 17:05:43,061 [1] INFO TourPlannerDL.DBOutput - LogList filled from DB
2021-05-15 17:05:43,061 [1] INFO TourPlanner.ViewModels.FolderViewModel - Fill ListView With Logs
2021-05-15 17:05:43,069 [1] INFO TourPlannerDL.DBOutput - Get RouteID from DB
2021-05-15 17:05:43,069 [1] INFO TourPlannerDL.DBOutput - Get Description from DB
2021-05-15 17:05:43,069 [1] INFO TourPlanner.ViewModels.FolderViewModel - Fill ListView With Description
2021-05-15 17:05:44,654 [1] INFO TourPlannerDL.DBOutput - Get RouteID from DB
2021-05-15 17:05:44,655 [1] INFO TourPlannerDL.DBOutput - LogList filled from DB
2021-05-15 17:05:44,655 [1] INFO TourPlanner.ViewModels.FolderViewModel - Fill ListView With Logs
2021-05-15 17:05:44,657 [1] INFO TourPlannerDL.DBOutput - Get RouteID from DB
2021-05-15 17:05:44,657 [1] INFO TourPlannerDL.DBOutput - Get Description from DB
2021-05-15 17:05:44,657 [1] INFO TourPlanner.ViewModels.FolderViewModel - Fill ListView With Description
2021-05-15 17:05:56,266 [1] INFO TourPlannerDL.DBOutput - Get RouteID from DB
2021-05-15 17:05:56,266 [1] INFO TourPlannerDL.DBOutput - LogList filled from DB
2021-05-15 17:05:56,266 [1] INFO TourPlanner.ViewModels.FolderViewModel - Fill ListView With Logs
2021-05-15 17:05:56,269 [1] INFO TourPlannerDL.DBOutput - Get RouteID from DB
2021-05-15 17:05:56,270 [1] INFO TourPlannerDL.DBOutput - Get Description from DB
2021-05-15 17:05:56,270 [1] INFO TourPlanner.ViewModels.FolderViewModel - Fill ListView With Description
2021-05-15 17:05:57,951 [1] INFO TourPlannerDL.DBOutput - Get RouteID from DB
2021-05-15 17:05:57,952 [1] INFO TourPlannerDL.DBOutput - LogList filled from DB
2021-05-15 17:05:57,952 [1] INFO TourPlanner.ViewModels.FolderViewModel - Fill ListView With Logs
2021-05-15 17:05:57,954 [1] INFO TourPlannerDL.DBOutput - Get RouteID from DB
2021-05-15 17:05:57,954 [1] INFO TourPlannerDL.DBOutput - Get Description from DB
2021-05-15 17:05:57,954 [1] INFO TourPlanner.ViewModels.FolderViewModel - Fill ListView With Description
2021-05-15 17:06:04,046 [1] INFO TourPlannerDL.DBOutput - Get RouteID from DB
2021-05-15 17:06:04,046 [1] INFO TourPlannerDL.DBOutput - LogList filled from DB
2021-05-15 17:06:04,046 [1] INFO TourPlanner.ViewModels.FolderViewModel - Fill ListView With Logs
2021-05-15 17:06:04,047 [1] INFO TourPlannerDL.DBOutput - Get RouteID from DB
2021-05-15 17:06:04,047 [1] INFO TourPlannerDL.DBOutput - Get Description from DB
2021-05-15 17:06:04,047 [1] INFO TourPlanner.ViewModels.FolderViewModel - Fill ListView With Description
2021-05-15 17:06:12,096 [1] INFO TourPlannerDL.DBOutput - Get RouteID from DB
2021-05-15 17:06:12,097 [1] INFO TourPlannerDL.DBOutput - LogList filled from DB
2021-05-15 17:06:12,097 [1] INFO TourPlanner.ViewModels.FolderViewModel - Fill ListView With Logs
2021-05-15 17:06:12,100 [1] INFO TourPlannerDL.DBOutput - Get RouteID from DB
2021-05-15 17:06:12,101 [1] INFO TourPlannerDL.DBOutput - Get Description from DB
2021-05-15 17:06:12,101 [1] INFO TourPlanner.ViewModels.FolderViewModel - Fill ListView With Description
2021-05-15 17:06:57,015 [1] INFO TourPlannerDL.DBConn - DB Connection success
2021-05-15 17:06:57,038 [1] INFO TourPlannerDL.DBOutput - RouteList filled from DB
2021-05-15 17:06:57,039 [1] INFO TourPlanner.ViewModels.FolderViewModel - Fill ListView With Tours
2021-05-15 17:07:00,183 [1] INFO TourPlannerDL.DBOutput - Get RouteID from DB
2021-05-15 17:07:00,186 [1] INFO TourPlannerDL.DBOutput - LogList filled from DB
2021-05-15 17:07:00,187 [1] INFO TourPlanner.ViewModels.FolderViewModel - Fill ListView With Logs
2021-05-15 17:07:00,188 [1] INFO TourPlannerDL.DBOutput - Get RouteID from DB
2021-05-15 17:07:00,190 [1] INFO TourPlannerDL.DBOutput - Get Description from DB
2021-05-15 17:07:00,191 [1] INFO TourPlanner.ViewModels.FolderViewModel - Fill ListView With Description
2021-05-15 17:07:03,759 [1] INFO TourPlannerDL.DBOutput - Get RouteID from DB
2021-05-15 17:07:03,760 [1] INFO TourPlannerDL.DBOutput - LogList filled from DB
2021-05-15 17:07:03,760 [1] INFO TourPlanner.ViewModels.FolderViewModel - Fill ListView With Logs
2021-05-15 17:07:03,763 [1] INFO TourPlannerDL.DBOutput - Get RouteID from DB
2021-05-15 17:07:03,763 [1] INFO TourPlannerDL.DBOutput - Get Description from DB
2021-05-15 17:07:03,763 [1] INFO TourPlanner.ViewModels.FolderViewModel - Fill ListView With Description
2021-05-15 17:07:08,334 [1] INFO TourPlannerDL.httpListener - MapQuest Route Response
2021-05-15 17:07:09,114 [1] INFO TourPlannerDL.DBOutput - Get RouteID from DB
2021-05-15 17:07:09,121 [1] INFO TourPlannerDL.DBInput - Description inserted to DB
2021-05-15 17:07:09,122 [1] INFO TourPlannerDL.DBOutput - Get RouteID from DB
2021-05-15 17:07:09,122 [1] INFO TourPlannerDL.DBOutput - LogList filled from DB
2021-05-15 17:07:09,122 [1] INFO TourPlanner.ViewModels.FolderViewModel - Fill ListView With Logs
2021-05-15 17:07:09,123 [1] INFO TourPlannerDL.DBOutput - Get RouteID from DB
2021-05-15 17:07:09,123 [1] INFO TourPlannerDL.DBOutput - Get Description from DB
2021-05-15 17:07:09,123 [1] INFO TourPlanner.ViewModels.FolderViewModel - Fill ListView With Description
2021-05-15 17:07:14,321 [1] INFO TourPlannerDL.DBOutput - Get RouteID from DB
2021-05-15 17:07:14,325 [1] INFO TourPlannerDL.DBOutput - LogList filled from DB
2021-05-15 17:07:14,326 [1] INFO TourPlanner.ViewModels.FolderViewModel - Fill ListView With Logs
2021-05-15 17:07:14,329 [1] INFO TourPlannerDL.DBOutput - Get RouteID from DB
2021-05-15 17:07:14,330 [1] INFO TourPlannerDL.DBOutput - Get Description from DB
2021-05-15 17:07:14,330 [1] INFO TourPlanner.ViewModels.FolderViewModel - Fill ListView With Description
2021-05-15 17:07:16,637 [1] INFO TourPlannerDL.DBOutput - Get RouteID from DB
2021-05-15 17:07:16,637 [1] INFO TourPlannerDL.DBOutput - LogList filled from DB
2021-05-15 17:07:16,637 [1] INFO TourPlanner.ViewModels.FolderViewModel - Fill ListView With Logs
2021-05-15 17:07:16,639 [1] INFO TourPlannerDL.DBOutput - Get RouteID from DB
2021-05-15 17:07:16,639 [1] INFO TourPlannerDL.DBOutput - Get Description from DB
2021-05-15 17:07:16,639 [1] INFO TourPlanner.ViewModels.FolderViewModel - Fill ListView With Description
2021-05-15 17:07:17,682 [1] INFO TourPlannerDL.DBOutput - Get RouteID from DB
2021-05-15 17:07:17,682 [1] INFO TourPlannerDL.DBOutput - LogList filled from DB
2021-05-15 17:07:17,682 [1] INFO TourPlanner.ViewModels.FolderViewModel - Fill ListView With Logs
2021-05-15 17:07:17,683 [1] INFO TourPlannerDL.DBOutput - Get RouteID from DB
2021-05-15 17:07:17,684 [1] INFO TourPlannerDL.DBOutput - Get Description from DB
2021-05-15 17:07:17,684 [1] INFO TourPlanner.ViewModels.FolderViewModel - Fill ListView With Description
2021-05-16 10:43:04,336 [1] INFO TourPlannerDL.DBConn - DB Connection success
2021-05-16 10:43:04,544 [1] INFO TourPlannerDL.DBOutput - RouteList filled from DB
2021-05-16 10:43:04,545 [1] INFO TourPlanner.ViewModels.FolderViewModel - Fill ListView with Tours
2021-05-16 10:43:44,034 [1] INFO TourPlannerDL.DBOutput - Get RouteID from DB
2021-05-16 10:43:44,040 [1] INFO TourPlannerDL.DBOutput - LogList filled from DB
2021-05-16 10:43:44,041 [1] INFO TourPlanner.ViewModels.FolderViewModel - Fill ListView with Logs
2021-05-16 10:43:44,042 [1] INFO TourPlannerDL.DBOutput - Get RouteID from DB
2021-05-16 10:43:44,046 [1] INFO TourPlannerDL.DBOutput - Get Description from DB
2021-05-16 10:43:44,046 [1] INFO TourPlanner.ViewModels.FolderViewModel - Fill ListView with Description
2021-05-16 10:45:46,588 [1] INFO TourPlannerDL.DBConn - DB Connection success
2021-05-16 10:45:46,611 [1] INFO TourPlannerDL.DBOutput - RouteList filled from DB
2021-05-16 10:45:46,612 [1] INFO TourPlanner.ViewModels.FolderViewModel - Fill ListView with Tours
2021-05-16 10:51:44,572 [1] INFO TourPlannerDL.DBConn - DB Connection success
2021-05-16 10:51:44,590 [1] INFO TourPlannerDL.DBOutput - RouteList filled from DB
2021-05-16 10:51:44,592 [1] INFO TourPlanner.ViewModels.FolderViewModel - Fill ListView with Tours
2021-05-16 10:52:13,373 [1] INFO TourPlannerDL.DBConn - DB Connection success
2021-05-16 10:52:13,404 [1] INFO TourPlannerDL.DBOutput - RouteList filled from DB
2021-05-16 10:52:13,406 [1] INFO TourPlanner.ViewModels.FolderViewModel - Fill ListView with Tours
2021-05-16 13:11:34,642 [1] INFO TourPlannerDL.DBConn - DB Connection success
2021-05-16 13:11:34,669 [1] INFO TourPlannerDL.DBOutput - RouteList filled from DB
2021-05-16 13:11:34,670 [1] INFO TourPlanner.ViewModels.FolderViewModel - Fill ListView with Tours
2021-05-16 13:11:39,321 [1] INFO TourPlannerDL.DBOutput - Get RouteID from DB
2021-05-16 13:11:39,327 [1] INFO TourPlannerDL.DBOutput - LogList filled from DB
2021-05-16 13:11:39,327 [1] INFO TourPlanner.ViewModels.FolderViewModel - Fill ListView with Logs
2021-05-16 13:11:39,328 [1] INFO TourPlannerDL.DBOutput - Get RouteID from DB
2021-05-16 13:11:39,331 [1] INFO TourPlannerDL.DBOutput - Get Description from DB
2021-05-16 13:11:39,331 [1] INFO TourPlanner.ViewModels.FolderViewModel - Fill ListView with Description
2021-05-16 13:15:01,759 [1] INFO TourPlannerDL.DBConn - DB Connection success
2021-05-16 13:15:01,792 [1] INFO TourPlannerDL.DBOutput - RouteList filled from DB
2021-05-16 13:15:01,794 [1] INFO TourPlanner.ViewModels.FolderViewModel - Fill ListView with Tours
2021-05-16 13:15:05,885 [1] INFO TourPlannerDL.DBOutput - Get RouteID from DB
2021-05-16 13:15:05,890 [1] INFO TourPlannerDL.DBOutput - LogList filled from DB
2021-05-16 13:15:05,890 [1] INFO TourPlanner.ViewModels.FolderViewModel - Fill ListView with Logs
2021-05-16 13:15:05,891 [1] INFO TourPlannerDL.DBOutput - Get RouteID from DB
2021-05-16 13:15:05,895 [1] INFO TourPlannerDL.DBOutput - Get Description from DB
2021-05-16 13:15:05,895 [1] INFO TourPlanner.ViewModels.FolderViewModel - Fill ListView with Description
2021-05-16 13:20:36,119 [1] INFO TourPlannerDL.DBConn - DB Connection success
2021-05-16 13:20:36,168 [1] INFO TourPlannerDL.DBOutput - RouteList filled from DB
2021-05-16 13:20:36,170 [1] INFO TourPlanner.ViewModels.FolderViewModel - Fill ListView with Tours
2021-05-16 13:20:42,904 [1] INFO TourPlannerDL.DBOutput - Get RouteID from DB
2021-05-16 13:20:42,910 [1] INFO TourPlannerDL.DBOutput - LogList filled from DB
2021-05-16 13:20:42,911 [1] INFO TourPlanner.ViewModels.FolderViewModel - Fill ListView with Logs
2021-05-16 13:20:42,912 [1] INFO TourPlannerDL.DBOutput - Get RouteID from DB
2021-05-16 13:20:42,916 [1] INFO TourPlannerDL.DBOutput - Get Description from DB
2021-05-16 13:20:42,916 [1] INFO TourPlanner.ViewModels.FolderViewModel - Fill ListView with Description
2021-05-16 13:22:46,880 [1] INFO TourPlannerDL.DBConn - DB Connection success
2021-05-16 13:22:47,014 [1] INFO TourPlannerDL.DBOutput - RouteList filled from DB
2021-05-16 13:22:47,015 [1] INFO TourPlanner.ViewModels.FolderViewModel - Fill ListView with Tours
2021-05-16 13:22:50,876 [1] INFO TourPlannerDL.DBOutput - Get RouteID from DB
2021-05-16 13:22:50,879 [1] INFO TourPlannerDL.DBOutput - LogList filled from DB
2021-05-16 13:22:50,879 [1] INFO TourPlanner.ViewModels.FolderViewModel - Fill ListView with Logs
2021-05-16 13:22:50,881 [1] INFO TourPlannerDL.DBOutput - Get RouteID from DB
2021-05-16 13:22:50,884 [1] INFO TourPlannerDL.DBOutput - Get Description from DB
2021-05-16 13:22:50,884 [1] INFO TourPlanner.ViewModels.FolderViewModel - Fill ListView with Description
2021-05-16 13:22:52,037 [1] INFO TourPlannerDL.DBOutput - Get RouteID from DB
2021-05-16 13:22:52,042 [1] INFO TourPlannerDL.DBOutput - LogList filled from DB
2021-05-16 13:22:52,042 [1] INFO TourPlanner.ViewModels.FolderViewModel - Fill ListView with Logs
2021-05-16 13:22:52,044 [1] INFO TourPlannerDL.DBOutput - Get RouteID from DB
2021-05-16 13:22:52,045 [1] INFO TourPlannerDL.DBOutput - Get Description from DB
2021-05-16 13:22:52,045 [1] INFO TourPlanner.ViewModels.FolderViewModel - Fill ListView with Description
2021-05-16 13:22:54,006 [1] INFO TourPlannerDL.httpListener - MapQuest Route Response
2021-05-16 13:22:56,585 [1] INFO TourPlannerDL.DBOutput - Get RouteID from DB
2021-05-16 13:22:56,591 [1] INFO TourPlannerDL.DBOutput - Count Route IDs from DB in Table Description
2021-05-16 13:23:00,203 [1] INFO TourPlannerDL.DBOutput - Get RouteID from DB
2021-05-16 13:23:00,204 [1] INFO TourPlannerDL.DBOutput - LogList filled from DB
2021-05-16 13:23:00,204 [1] INFO TourPlanner.ViewModels.FolderViewModel - Fill ListView with Logs
2021-05-16 13:23:00,204 [1] INFO TourPlannerDL.DBOutput - Get RouteID from DB
2021-05-16 13:23:00,205 [1] INFO TourPlannerDL.DBOutput - Get Description from DB
2021-05-16 13:23:00,205 [1] INFO TourPlanner.ViewModels.FolderViewModel - Fill ListView with Description
2021-05-16 13:23:01,217 [1] INFO TourPlannerDL.httpListener - MapQuest Map Image Response
2021-05-16 13:23:01,222 [1] INFO TourPlannerDL.DBOutput - Get RouteID from DB
2021-05-16 13:23:01,223 [1] INFO TourPlannerDL.DBOutput - LogList filled from DB
2021-05-16 13:23:01,224 [1] INFO TourPlanner.ViewModels.FolderViewModel - Fill ListView with Logs
2021-05-16 13:23:01,224 [1] INFO TourPlannerDL.DBOutput - Get RouteID from DB
2021-05-16 13:23:01,225 [1] INFO TourPlannerDL.DBOutput - Get Description from DB
2021-05-16 13:23:01,225 [1] INFO TourPlanner.ViewModels.FolderViewModel - Fill ListView with Description
2021-05-16 13:23:01,355 [1] INFO TourPlannerDL.DBOutput - Get RouteID from DB
2021-05-16 13:23:01,355 [1] INFO TourPlannerDL.DBOutput - LogList filled from DB
2021-05-16 13:23:01,355 [1] INFO TourPlanner.ViewModels.FolderViewModel - Fill ListView with Logs
2021-05-16 13:23:01,356 [1] INFO TourPlannerDL.DBOutput - Get RouteID from DB
2021-05-16 13:23:01,356 [1] INFO TourPlannerDL.DBOutput - Get Description from DB
2021-05-16 13:23:01,356 [1] INFO TourPlanner.ViewModels.FolderViewModel - Fill ListView with Description
2021-05-16 13:24:22,515 [1] INFO TourPlannerDL.DBConn - DB Connection success
2021-05-16 13:24:22,539 [1] INFO TourPlannerDL.DBOutput - RouteList filled from DB
2021-05-16 13:24:22,541 [1] INFO TourPlanner.ViewModels.FolderViewModel - Fill ListView with Tours
2021-05-16 13:24:26,342 [1] INFO TourPlannerDL.DBOutput - Get RouteID from DB
2021-05-16 13:24:26,347 [1] INFO TourPlannerDL.DBOutput - LogList filled from DB
2021-05-16 13:24:26,347 [1] INFO TourPlanner.ViewModels.FolderViewModel - Fill ListView with Logs
2021-05-16 13:24:26,348 [1] INFO TourPlannerDL.DBOutput - Get RouteID from DB
2021-05-16 13:24:26,351 [1] INFO TourPlannerDL.DBOutput - Get Description from DB
2021-05-16 13:24:26,351 [1] INFO TourPlanner.ViewModels.FolderViewModel - Fill ListView with Description
2021-05-16 13:29:15,233 [1] INFO TourPlannerDL.DBConn - DB Connection success
2021-05-16 13:29:15,251 [1] INFO TourPlannerDL.DBOutput - RouteList filled from DB
2021-05-16 13:29:15,252 [1] INFO TourPlanner.ViewModels.FolderViewModel - Fill ListView with Tours
2021-05-16 13:29:17,930 [1] INFO TourPlannerDL.DBOutput - Get RouteID from DB
2021-05-16 13:29:17,935 [1] INFO TourPlannerDL.DBOutput - LogList filled from DB
2021-05-16 13:29:17,935 [1] INFO TourPlanner.ViewModels.FolderViewModel - Fill ListView with Logs
2021-05-16 13:29:17,936 [1] INFO TourPlannerDL.DBOutput - Get RouteID from DB
2021-05-16 13:29:17,939 [1] INFO TourPlannerDL.DBOutput - Get Description from DB
2021-05-16 13:29:17,939 [1] INFO TourPlanner.ViewModels.FolderViewModel - Fill ListView with Description
